<?xml version="1.0" encoding="UTF-8"?>
<!-- Generated by org.testng.reporters.JUnitReportReporter -->
<testsuite hostname="REM-LT-221031C" failures="0" tests="2" name="com.unosquare.SecondAPIGETTest" time="6.617" errors="0" timestamp="2022-11-14T10:15:03 CST" skipped="0">
  <testcase classname="com.unosquare.SecondAPIGETTest" name="getUserRequest" time="0.374"/>
  <system-out>
    <![CDATA[Sucess 200 validation
{"data":{"id":2,"name":"fuchsia rose","year":2001,"color":"#C74375","pantone_value":"17-2031"},"support":{"url":"https://reqres.in/#support-heading","text":"To keep ReqRes free, contributions towards server costs are appreciated!"}}]]>
  </system-out>
  <testcase classname="com.unosquare.SecondAPIGETTest" name="f_Gherking_get_list" time="6.243"/>
  <system-out>
    <![CDATA[Sucess 200 validation]]>
  </system-out>
</testsuite> <!-- com.unosquare.SecondAPIGETTest -->
