<?xml version="1.0" encoding="UTF-8"?>
<!-- Generated by org.testng.reporters.JUnitReportReporter -->
<testsuite hostname="REM-LT-221031C" failures="0" tests="4" name="com.unosquare.FirsAPITest" time="6.988" errors="0" timestamp="2022-11-10T12:31:55 CST" skipped="0">
  <testcase classname="com.unosquare.FirsAPITest" name="f_post_Gherking" time="0.612"/>
  <system-out>
    <![CDATA[Sucess 200 validation]]>
  </system-out>
  <testcase classname="com.unosquare.FirsAPITest" name="f_Gherking_get" time="5.265"/>
  <system-out>
    <![CDATA[Sucess 200 validation]]>
  </system-out>
  <testcase classname="com.unosquare.FirsAPITest" name="f_get" time="0.314"/>
  <system-out>
    <![CDATA[Sucess 200 validation
{"data":{"id":2,"email":"janet.weaver@reqres.in","first_name":"Janet","last_name":"Weaver","avatar":"https://reqres.in/img/faces/2-image.jpg"},"support":{"url":"https://reqres.in/#support-heading","text":"To keep ReqRes free, contributions towards server costs are appreciated!"}}]]>
  </system-out>
  <testcase classname="com.unosquare.FirsAPITest" name="f_post" time="0.797"/>
  <system-out>
    <![CDATA[{"name":"JohnAPI","job":"QA","id":"112","createdAt":"2022-11-10T18:31:31.046Z"}
JohnAPI
{"name":"JohnAPI","job":"QA","id":"112","createdAt":"2022-11-10T18:31:31.046Z"}]]>
  </system-out>
</testsuite> <!-- com.unosquare.FirsAPITest -->
