<?xml version="1.0" encoding="UTF-8"?>
<!-- Generated by org.testng.reporters.JUnitReportReporter -->
<testsuite hostname="REM-LT-221031C" failures="0" tests="2" name="com.unosquare.PostRefactorizedUsingAPICore" time="8.273" errors="0" timestamp="2022-11-14T15:22:39 CST" skipped="0">
  <testcase classname="com.unosquare.PostRefactorizedUsingAPICore" name="testPostWihtAPICore" time="0.829"/>
  <system-out>
    <![CDATA[Response body {"name":"Daniel","job":"QA","id":"391","createdAt":"2022-11-14T21:22:10.898Z"}]]>
  </system-out>
  <testcase classname="com.unosquare.PostRefactorizedUsingAPICore" name="testLogin" time="7.444"/>
  <system-out>
    <![CDATA[Response body {"token":"QpwL5tke4Pnpja7X4"}
token: QpwL5tke4Pnpja7X4]]>
  </system-out>
</testsuite> <!-- com.unosquare.PostRefactorizedUsingAPICore -->
