<?xml version="1.0" encoding="UTF-8"?>
<!-- Generated by org.testng.reporters.JUnitReportReporter -->
<testsuite hostname="REM-LT-221031C" failures="0" tests="2" name="com.unosquare.FirstAPIPOST" time="1.452" errors="0" timestamp="2022-11-14T10:15:03 CST" skipped="0">
  <testcase classname="com.unosquare.FirstAPIPOST" name="testPostRequestHTMLObject" time="0.885"/>
  <system-out>
    <![CDATA[{"name":"JohnAPI","job":"QA","id":"435","createdAt":"2022-11-14T16:14:35.287Z"}
JohnAPI
{"name":"JohnAPI","job":"QA","id":"435","createdAt":"2022-11-14T16:14:35.287Z"}]]>
  </system-out>
  <testcase classname="com.unosquare.FirstAPIPOST" name="testPostRequestGivenWhenThen" time="0.567"/>
  <system-out>
    <![CDATA[Sucess 201 validation]]>
  </system-out>
</testsuite> <!-- com.unosquare.FirstAPIPOST -->
