<?xml version="1.0" encoding="UTF-8"?>
<!-- Generated by org.testng.reporters.JUnitReportReporter -->
<testsuite hostname="REM-LT-221031C" failures="0" tests="1" name="com.unosquare.PostUsingJsonObject" time="4.888" errors="0" timestamp="2022-11-14T12:14:15 CST" skipped="0">
  <testcase classname="com.unosquare.PostUsingJsonObject" name="testUsingJson" time="4.888"/>
  <system-out>
    <![CDATA[Response body {"name":"Daniel","job":"QA","id":"315","createdAt":"2022-11-14T18:13:46.673Z"}
Response code 201
Json sent: {"name":"Daniel","job":"QA"}
URL post https://reqres.in/api//api/users]]>
  </system-out>
</testsuite> <!-- com.unosquare.PostUsingJsonObject -->
